<?xml version="1.0" encoding="UTF-8"?>
<testng-results skipped="0" failed="0" total="1" passed="1">
  <reporter-output>
  </reporter-output>
  <suite name="Default suite" duration-ms="21058" started-at="2021-07-29T09:08:29Z" finished-at="2021-07-29T09:08:50Z">
    <groups>
      <group name="cucumber">
        <method signature="AbstractTestNGCucumberTests.runScenario(io.cucumber.testng.PickleWrapper, io.cucumber.testng.FeatureWrapper)[pri:0, instance:runner.Test_Runner@f6c48ac]" name="runScenario" class="io.cucumber.testng.AbstractTestNGCucumberTests"/>
      </group> <!-- cucumber -->
    </groups>
    <test name="Default test" duration-ms="21058" started-at="2021-07-29T09:08:29Z" finished-at="2021-07-29T09:08:50Z">
      <class name="runner.Test_Runner">
        <test-method status="PASS" signature="setUpClass()[pri:0, instance:runner.Test_Runner@f6c48ac]" name="setUpClass" is-config="true" duration-ms="816" started-at="2021-07-29T14:38:29Z" finished-at="2021-07-29T14:38:30Z">
          <reporter-output>
          </reporter-output>
        </test-method> <!-- setUpClass -->
        <test-method status="PASS" signature="runScenario(io.cucumber.testng.PickleWrapper, io.cucumber.testng.FeatureWrapper)[pri:0, instance:runner.Test_Runner@f6c48ac]" name="runScenario" duration-ms="20176" started-at="2021-07-29T14:38:30Z" description="Runs Cucumber Scenarios" data-provider="scenarios" finished-at="2021-07-29T14:38:50Z">
          <params>
            <param index="0">
              <value>
                <![CDATA["To validate Login application"]]>
              </value>
            </param>
            <param index="1">
              <value>
                <![CDATA["Optional[To test login app]"]]>
              </value>
            </param>
          </params>
          <reporter-output>
          </reporter-output>
        </test-method> <!-- runScenario -->
        <test-method status="PASS" signature="tearDownClass()[pri:0, instance:runner.Test_Runner@f6c48ac]" name="tearDownClass" is-config="true" duration-ms="28" started-at="2021-07-29T14:38:50Z" finished-at="2021-07-29T14:38:50Z">
          <reporter-output>
          </reporter-output>
        </test-method> <!-- tearDownClass -->
      </class> <!-- runner.Test_Runner -->
    </test> <!-- Default test -->
  </suite> <!-- Default suite -->
</testng-results>
