<?xml version="1.0" encoding="UTF-8"?>
<!-- Generated by org.testng.reporters.JUnitXMLReporter -->
<testsuite hostname="shamun28" ignored="3" name="Default test" tests="1" failures="0" timestamp="12 Aug 2021 04:52:06 GMT" time="72.943" errors="0">
  <testcase name="testcase4" time="57.19" classname="demos.Demoshybrid"/>
  <testcase name="testcase2" time="0.0" classname="demos.Demoshybrid">
    <ignored/>
  </testcase> <!-- testcase2 -->
  <testcase name="testcase3" time="0.0" classname="demos.Demoshybrid">
    <ignored/>
  </testcase> <!-- testcase3 -->
  <testcase name="testcase1" time="0.0" classname="demos.Demoshybrid">
    <ignored/>
  </testcase> <!-- testcase1 -->
</testsuite> <!-- Default test -->
