<?xml version="1.0" encoding="UTF-8"?>
<testng-results skipped="0" failed="0" ignored="3" total="4" passed="1">
  <reporter-output>
  </reporter-output>
  <suite name="Default suite" duration-ms="72943" started-at="2021-08-12T04:50:53Z" finished-at="2021-08-12T04:52:06Z">
    <groups>
    </groups>
    <test name="Default test" duration-ms="72943" started-at="2021-08-12T04:50:53Z" finished-at="2021-08-12T04:52:06Z">
      <class name="demos.Demoshybrid">
        <test-method status="PASS" signature="setup()[pri:0, instance:demos.Demoshybrid@31a5c39e]" name="setup" is-config="true" duration-ms="15707" started-at="2021-08-12T04:50:53Z" finished-at="2021-08-12T04:51:09Z">
          <reporter-output>
          </reporter-output>
        </test-method> <!-- setup -->
        <test-method status="PASS" signature="testcase4()[pri:0, instance:demos.Demoshybrid@31a5c39e]" name="testcase4" duration-ms="57190" started-at="2021-08-12T04:51:09Z" finished-at="2021-08-12T04:52:06Z">
          <reporter-output>
          </reporter-output>
        </test-method> <!-- testcase4 -->
      </class> <!-- demos.Demoshybrid -->
    </test> <!-- Default test -->
  </suite> <!-- Default suite -->
</testng-results>
